
I2C_GPIO.elf:     file format elf32-littleriscv
I2C_GPIO.elf
architecture: riscv:rv32, flags 0x00000112:
EXEC_P, HAS_SYMS, D_PAGED
start address 0x00000000

Program Header:
    LOAD off    0x00001000 vaddr 0x00000000 paddr 0x00000000 align 2**12
         filesz 0x00000870 memsz 0x00000870 flags r-x
    LOAD off    0x00002000 vaddr 0x20000000 paddr 0x00000870 align 2**12
         filesz 0x00000028 memsz 0x00000030 flags rw-
    LOAD off    0x00002700 vaddr 0x20000700 paddr 0x20000700 align 2**12
         filesz 0x00000000 memsz 0x00000100 flags rw-

Sections:
Idx Name          Size      VMA       LMA       File off  Algn
  0 .init         000000a0  00000000  00000000  00001000  2**2
                  CONTENTS, ALLOC, LOAD, READONLY, CODE
  1 .text         000007d0  000000a0  000000a0  000010a0  2**2
                  CONTENTS, ALLOC, LOAD, READONLY, CODE
  2 .fini         00000000  00000870  00000870  00002028  2**0
                  CONTENTS, ALLOC, LOAD, CODE
  3 .dalign       00000000  20000000  20000000  00002028  2**0
                  CONTENTS
  4 .dlalign      00000000  00000870  00000870  00002028  2**0
                  CONTENTS
  5 .data         00000028  20000000  00000870  00002000  2**2
                  CONTENTS, ALLOC, LOAD, DATA
  6 .bss          00000008  20000028  00000898  00002028  2**1
                  ALLOC
  7 .stack        00000100  20000700  20000700  00002700  2**0
                  ALLOC
  8 .debug_info   00006c58  00000000  00000000  00002028  2**0
                  CONTENTS, READONLY, DEBUGGING
  9 .debug_abbrev 000014b4  00000000  00000000  00008c80  2**0
                  CONTENTS, READONLY, DEBUGGING
 10 .debug_aranges 00000378  00000000  00000000  0000a138  2**3
                  CONTENTS, READONLY, DEBUGGING
 11 .debug_ranges 00000330  00000000  00000000  0000a4b0  2**3
                  CONTENTS, READONLY, DEBUGGING
 12 .debug_line   0000417a  00000000  00000000  0000a7e0  2**0
                  CONTENTS, READONLY, DEBUGGING
 13 .debug_str    0000150f  00000000  00000000  0000e95a  2**0
                  CONTENTS, READONLY, DEBUGGING
 14 .comment      00000033  00000000  00000000  0000fe69  2**0
                  CONTENTS, READONLY
 15 .debug_frame  0000073c  00000000  00000000  0000fe9c  2**2
                  CONTENTS, READONLY, DEBUGGING
 16 .debug_loc    000015c4  00000000  00000000  000105d8  2**0
                  CONTENTS, READONLY, DEBUGGING
SYMBOL TABLE:
00000000 l    d  .init	00000000 .init
000000a0 l    d  .text	00000000 .text
00000870 l    d  .fini	00000000 .fini
20000000 l    d  .dalign	00000000 .dalign
00000870 l    d  .dlalign	00000000 .dlalign
20000000 l    d  .data	00000000 .data
20000028 l    d  .bss	00000000 .bss
20000700 l    d  .stack	00000000 .stack
00000000 l    d  .debug_info	00000000 .debug_info
00000000 l    d  .debug_abbrev	00000000 .debug_abbrev
00000000 l    d  .debug_aranges	00000000 .debug_aranges
00000000 l    d  .debug_ranges	00000000 .debug_ranges
00000000 l    d  .debug_line	00000000 .debug_line
00000000 l    d  .debug_str	00000000 .debug_str
00000000 l    d  .comment	00000000 .comment
00000000 l    d  .debug_frame	00000000 .debug_frame
00000000 l    d  .debug_loc	00000000 .debug_loc
00000000 l    df *ABS*	00000000 ch32v00x_it.c
00000000 l    df *ABS*	00000000 main.c
00000000 l    df *ABS*	00000000 system_ch32v00x.c
00000000 l    df *ABS*	00000000 ch32v00x_gpio.c
00000000 l    df *ABS*	00000000 ch32v00x_i2c.c
00000000 l    df *ABS*	00000000 ch32v00x_rcc.c
20000004 l     O .data	00000014 ADCPrescTable
20000018 l     O .data	00000010 APBAHBPrescTable
00000000 l    df *ABS*	00000000 debug.c
2000002a l     O .bss	00000002 p_ms
2000002c l     O .bss	00000001 p_us
20000828 g       .data	00000000 __global_pointer$
000004e2  w      .text	00000000 TIM1_CC_IRQHandler
00000136 g     F .text	00000002 HardFault_Handler
000004b4  w      .text	00000000 SysTick_Handler
000004ba  w      .text	00000000 PVD_IRQHandler
00000132 g     F .text	00000004 NMI_Handler
20000028 g       .bss	00000000 _sbss
00000100 g       *ABS*	00000000 __stack_size
000000aa g     F .text	0000000a .hidden __riscv_restore_2
20000000 g     O .data	00000004 SystemCoreClock
000000bc g     F .text	0000002c .hidden __udivsi3
000000a0 g       .init	00000000 _einit
000007f8 g     F .text	0000001e RCC_APB2PeriphClockCmd
0000056a g     F .text	000000d6 GPIO_Init
000004da  w      .text	00000000 SPI1_IRQHandler
000000a0 g     F .text	0000000a .hidden __riscv_save_1
000000aa g     F .text	0000000a .hidden __riscv_restore_0
000004c2  w      .text	00000000 AWU_IRQHandler
000004c0  w      .text	00000000 EXTI7_0_IRQHandler
00000816 g     F .text	0000001e RCC_APB1PeriphClockCmd
20000700 g       .stack	00000000 _heap_end
000004ca  w      .text	00000000 DMA1_Channel4_IRQHandler
000004d2  w      .text	00000000 ADC1_IRQHandler
00000654 g     F .text	000000d8 I2C_Init
20000030 g       .bss	00000000 _ebss
000004d0  w      .text	00000000 DMA1_Channel7_IRQHandler
00000834 g     F .text	0000003c Delay_Init
0000064a g     F .text	0000000a GPIO_WriteBit
000000e8 g     F .text	00000008 .hidden __umodsi3
00000362 g     F .text	00000086 I2C1_EV_IRQHandler
0000075e g     F .text	0000009a RCC_GetClocksFreq
000004ce  w      .text	00000000 DMA1_Channel6_IRQHandler
000004be  w      .text	00000000 RCC_IRQHandler
000004e0  w      .text	00000000 TIM1_TRG_COM_IRQHandler
000004c4  w      .text	00000000 DMA1_Channel1_IRQHandler
00000000 g       .init	00000000 _start
0000072c g     F .text	00000018 I2C_Cmd
20000000 g       .dalign	00000000 _data_vma
00000298 g     F .text	000000ca main
20000028 g     O .bss	00000001 TxData
00000138 g     F .text	00000160 IIC_Init
000004cc  w      .text	00000000 DMA1_Channel5_IRQHandler
000000b4 g     F .text	00000058 .hidden __divsi3
0000045e g     F .text	00000052 SystemInit
00000000 g       .init	00000000 _sinit
000004c8  w      .text	00000000 DMA1_Channel3_IRQHandler
000004de  w      .text	00000000 TIM1_UP_IRQHandler
000004b8  w      .text	00000000 WWDG_IRQHandler
000004e4  w      .text	00000000 TIM2_IRQHandler
20000800 g       .stack	00000000 _eusrstack
000000a0 g     F .text	0000000a .hidden __riscv_save_2
000004b6  w      .text	00000000 SW_Handler
00000744 g     F .text	0000001a I2C_StretchClockCmd
000004dc  w      .text	00000000 TIM1_BRK_IRQHandler
20000028 g       .data	00000000 _edata
20000030 g       .bss	00000000 _end
00000870 g       .dlalign	00000000 _data_lma
0000010c g     F .text	00000024 .hidden __modsi3
000004c6  w      .text	00000000 DMA1_Channel2_IRQHandler
000004e6  w      .text	00000000 handle_reset
000000a0 g     F .text	0000000a .hidden __riscv_save_0
000004bc  w      .text	00000000 FLASH_IRQHandler
000004d8  w      .text	00000000 USART1_IRQHandler
000003e8 g     F .text	00000076 I2C1_ER_IRQHandler
000000aa g     F .text	0000000a .hidden __riscv_restore_1
00000640 g     F .text	0000000a GPIO_ReadInputDataBit



Disassembly of section .init:

00000000 <_sinit>:
   0:	4e60006f          	j	4e6 <handle_reset>
   4:	0000                	unimp
   6:	0000                	unimp
   8:	0132                	slli	sp,sp,0xc
   a:	0000                	unimp
   c:	0136                	slli	sp,sp,0xd
	...
  2e:	0000                	unimp
  30:	04b4                	addi	a3,sp,584
  32:	0000                	unimp
  34:	0000                	unimp
  36:	0000                	unimp
  38:	04b6                	slli	s1,s1,0xd
  3a:	0000                	unimp
  3c:	0000                	unimp
  3e:	0000                	unimp
  40:	04b8                	addi	a4,sp,584
  42:	0000                	unimp
  44:	04ba                	slli	s1,s1,0xe
  46:	0000                	unimp
  48:	04bc                	addi	a5,sp,584
  4a:	0000                	unimp
  4c:	04be                	slli	s1,s1,0xf
  4e:	0000                	unimp
  50:	04c0                	addi	s0,sp,580
  52:	0000                	unimp
  54:	04c2                	slli	s1,s1,0x10
  56:	0000                	unimp
  58:	04c4                	addi	s1,sp,580
  5a:	0000                	unimp
  5c:	04c6                	slli	s1,s1,0x11
  5e:	0000                	unimp
  60:	04c8                	addi	a0,sp,580
  62:	0000                	unimp
  64:	04ca                	slli	s1,s1,0x12
  66:	0000                	unimp
  68:	04cc                	addi	a1,sp,580
  6a:	0000                	unimp
  6c:	04ce                	slli	s1,s1,0x13
  6e:	0000                	unimp
  70:	04d0                	addi	a2,sp,580
  72:	0000                	unimp
  74:	04d2                	slli	s1,s1,0x14
  76:	0000                	unimp
  78:	0362                	slli	t1,t1,0x18
  7a:	0000                	unimp
  7c:	03e8                	addi	a0,sp,460
  7e:	0000                	unimp
  80:	04d8                	addi	a4,sp,580
  82:	0000                	unimp
  84:	04da                	slli	s1,s1,0x16
  86:	0000                	unimp
  88:	04dc                	addi	a5,sp,580
  8a:	0000                	unimp
  8c:	04de                	slli	s1,s1,0x17
  8e:	0000                	unimp
  90:	04e0                	addi	s0,sp,588
  92:	0000                	unimp
  94:	04e2                	slli	s1,s1,0x18
  96:	0000                	unimp
  98:	04e4                	addi	s1,sp,588
  9a:	0000                	unimp
  9c:	0000                	unimp
	...

Disassembly of section .text:

000000a0 <__riscv_save_0>:
  a0:	1151                	addi	sp,sp,-12
  a2:	c026                	sw	s1,0(sp)
  a4:	c222                	sw	s0,4(sp)
  a6:	c406                	sw	ra,8(sp)
  a8:	8282                	jr	t0

000000aa <__riscv_restore_0>:
  aa:	4482                	lw	s1,0(sp)
  ac:	4412                	lw	s0,4(sp)
  ae:	40a2                	lw	ra,8(sp)
  b0:	0131                	addi	sp,sp,12
  b2:	8082                	ret

000000b4 <__divsi3>:
  b4:	02054e63          	bltz	a0,f0 <__umodsi3+0x8>
  b8:	0405c363          	bltz	a1,fe <__umodsi3+0x16>

000000bc <__udivsi3>:
  bc:	862e                	mv	a2,a1
  be:	85aa                	mv	a1,a0
  c0:	557d                	li	a0,-1
  c2:	c215                	beqz	a2,e6 <__udivsi3+0x2a>
  c4:	4685                	li	a3,1
  c6:	00b67863          	bgeu	a2,a1,d6 <__udivsi3+0x1a>
  ca:	00c05663          	blez	a2,d6 <__udivsi3+0x1a>
  ce:	0606                	slli	a2,a2,0x1
  d0:	0686                	slli	a3,a3,0x1
  d2:	feb66ce3          	bltu	a2,a1,ca <__udivsi3+0xe>
  d6:	4501                	li	a0,0
  d8:	00c5e463          	bltu	a1,a2,e0 <__udivsi3+0x24>
  dc:	8d91                	sub	a1,a1,a2
  de:	8d55                	or	a0,a0,a3
  e0:	8285                	srli	a3,a3,0x1
  e2:	8205                	srli	a2,a2,0x1
  e4:	faf5                	bnez	a3,d8 <__udivsi3+0x1c>
  e6:	8082                	ret

000000e8 <__umodsi3>:
  e8:	8286                	mv	t0,ra
  ea:	3fc9                	jal	bc <__udivsi3>
  ec:	852e                	mv	a0,a1
  ee:	8282                	jr	t0
  f0:	40a00533          	neg	a0,a0
  f4:	0005d763          	bgez	a1,102 <__stack_size+0x2>
  f8:	40b005b3          	neg	a1,a1
  fc:	b7c1                	j	bc <__udivsi3>
  fe:	40b005b3          	neg	a1,a1
 102:	8286                	mv	t0,ra
 104:	3f65                	jal	bc <__udivsi3>
 106:	40a00533          	neg	a0,a0
 10a:	8282                	jr	t0

0000010c <__modsi3>:
 10c:	8286                	mv	t0,ra
 10e:	0005c763          	bltz	a1,11c <__modsi3+0x10>
 112:	00054963          	bltz	a0,124 <__modsi3+0x18>
 116:	375d                	jal	bc <__udivsi3>
 118:	852e                	mv	a0,a1
 11a:	8282                	jr	t0
 11c:	40b005b3          	neg	a1,a1
 120:	fe055be3          	bgez	a0,116 <__modsi3+0xa>
 124:	40a00533          	neg	a0,a0
 128:	3f51                	jal	bc <__udivsi3>
 12a:	40b00533          	neg	a0,a1
 12e:	8282                	jr	t0
	...

00000132 <NMI_Handler>:
 132:	30200073          	mret

00000136 <HardFault_Handler>:
 136:	a001                	j	136 <HardFault_Handler>

00000138 <IIC_Init>:
 138:	f69ff2ef          	jal	t0,a0 <__riscv_save_0>
 13c:	fd410113          	addi	sp,sp,-44
 140:	c62a                	sw	a0,12(sp)
 142:	c42e                	sw	a1,8(sp)
 144:	03500513          	li	a0,53
 148:	4585                	li	a1,1
 14a:	c802                	sw	zero,16(sp)
 14c:	ca02                	sw	zero,20(sp)
 14e:	cc02                	sw	zero,24(sp)
 150:	ce02                	sw	zero,28(sp)
 152:	d002                	sw	zero,32(sp)
 154:	d202                	sw	zero,36(sp)
 156:	d402                	sw	zero,40(sp)
 158:	2545                	jal	7f8 <RCC_APB2PeriphClockCmd>
 15a:	4585                	li	a1,1
 15c:	00200537          	lui	a0,0x200
 160:	2d5d                	jal	816 <RCC_APB1PeriphClockCmd>
 162:	4409                	li	s0,2
 164:	4791                	li	a5,4
 166:	44f1                	li	s1,28
 168:	080c                	addi	a1,sp,16
 16a:	40011537          	lui	a0,0x40011
 16e:	80fc                	sh	a5,16(sp)
 170:	cc26                	sw	s1,24(sp)
 172:	ca22                	sw	s0,20(sp)
 174:	2edd                	jal	56a <GPIO_Init>
 176:	080c                	addi	a1,sp,16
 178:	40011537          	lui	a0,0x40011
 17c:	80e0                	sh	s0,16(sp)
 17e:	cc26                	sw	s1,24(sp)
 180:	ca22                	sw	s0,20(sp)
 182:	26e5                	jal	56a <GPIO_Init>
 184:	400117b7          	lui	a5,0x40011
 188:	80078513          	addi	a0,a5,-2048 # 40010800 <__global_pointer$+0x2000ffd8>
 18c:	04800493          	li	s1,72
 190:	080c                	addi	a1,sp,16
 192:	80e0                	sh	s0,16(sp)
 194:	cc26                	sw	s1,24(sp)
 196:	ca22                	sw	s0,20(sp)
 198:	2ec9                	jal	56a <GPIO_Init>
 19a:	4705                	li	a4,1
 19c:	440d                	li	s0,3
 19e:	080c                	addi	a1,sp,16
 1a0:	40011537          	lui	a0,0x40011
 1a4:	80f8                	sh	a4,16(sp)
 1a6:	c23a                	sw	a4,4(sp)
 1a8:	cc26                	sw	s1,24(sp)
 1aa:	ca22                	sw	s0,20(sp)
 1ac:	2e7d                	jal	56a <GPIO_Init>
 1ae:	44c1                	li	s1,16
 1b0:	46a1                	li	a3,8
 1b2:	080c                	addi	a1,sp,16
 1b4:	40011537          	lui	a0,0x40011
 1b8:	80f4                	sh	a3,16(sp)
 1ba:	cc26                	sw	s1,24(sp)
 1bc:	ca22                	sw	s0,20(sp)
 1be:	2675                	jal	56a <GPIO_Init>
 1c0:	02800693          	li	a3,40
 1c4:	080c                	addi	a1,sp,16
 1c6:	40011537          	lui	a0,0x40011
 1ca:	80e4                	sh	s1,16(sp)
 1cc:	cc36                	sw	a3,24(sp)
 1ce:	ca22                	sw	s0,20(sp)
 1d0:	2e69                	jal	56a <GPIO_Init>
 1d2:	02000693          	li	a3,32
 1d6:	080c                	addi	a1,sp,16
 1d8:	40011537          	lui	a0,0x40011
 1dc:	80f4                	sh	a3,16(sp)
 1de:	c036                	sw	a3,0(sp)
 1e0:	cc26                	sw	s1,24(sp)
 1e2:	ca22                	sw	s0,20(sp)
 1e4:	2659                	jal	56a <GPIO_Init>
 1e6:	04000593          	li	a1,64
 1ea:	80ec                	sh	a1,16(sp)
 1ec:	40011537          	lui	a0,0x40011
 1f0:	080c                	addi	a1,sp,16
 1f2:	cc26                	sw	s1,24(sp)
 1f4:	ca22                	sw	s0,20(sp)
 1f6:	2e95                	jal	56a <GPIO_Init>
 1f8:	08000593          	li	a1,128
 1fc:	80ec                	sh	a1,16(sp)
 1fe:	40011537          	lui	a0,0x40011
 202:	080c                	addi	a1,sp,16
 204:	cc26                	sw	s1,24(sp)
 206:	ca22                	sw	s0,20(sp)
 208:	268d                	jal	56a <GPIO_Init>
 20a:	4712                	lw	a4,4(sp)
 20c:	400117b7          	lui	a5,0x40011
 210:	080c                	addi	a1,sp,16
 212:	40078513          	addi	a0,a5,1024 # 40011400 <__global_pointer$+0x20010bd8>
 216:	80f8                	sh	a4,16(sp)
 218:	cc26                	sw	s1,24(sp)
 21a:	ca22                	sw	s0,20(sp)
 21c:	26b9                	jal	56a <GPIO_Init>
 21e:	4332                	lw	t1,12(sp)
 220:	4622                	lw	a2,8(sp)
 222:	40005437          	lui	s0,0x40005
 226:	40000793          	li	a5,1024
 22a:	400004b7          	lui	s1,0x40000
 22e:	02f11323          	sh	a5,38(sp)
 232:	086c                	addi	a1,sp,28
 234:	6791                	lui	a5,0x4
 236:	40040513          	addi	a0,s0,1024 # 40005400 <__global_pointer$+0x20004bd8>
 23a:	ce1a                	sw	t1,28(sp)
 23c:	02c11223          	sh	a2,36(sp)
 240:	02f11423          	sh	a5,40(sp)
 244:	d026                	sw	s1,32(sp)
 246:	2139                	jal	654 <I2C_Init>
 248:	40040513          	addi	a0,s0,1024
 24c:	4585                	li	a1,1
 24e:	29f9                	jal	72c <I2C_Cmd>
 250:	4581                	li	a1,0
 252:	40040513          	addi	a0,s0,1024
 256:	21fd                	jal	744 <I2C_StretchClockCmd>
 258:	40445703          	lhu	a4,1028(s0)
 25c:	4682                	lw	a3,0(sp)
 25e:	e000e7b7          	lui	a5,0xe000e
 262:	40076713          	ori	a4,a4,1024
 266:	40e41223          	sh	a4,1028(s0)
 26a:	40445703          	lhu	a4,1028(s0)
 26e:	20076713          	ori	a4,a4,512
 272:	40e41223          	sh	a4,1028(s0)
 276:	40445703          	lhu	a4,1028(s0)
 27a:	10076713          	ori	a4,a4,256
 27e:	40e41223          	sh	a4,1028(s0)
 282:	1097a023          	sw	s1,256(a5) # e000e100 <__global_pointer$+0xc000d8d8>
 286:	40d78f23          	sb	a3,1054(a5)
 28a:	80000737          	lui	a4,0x80000
 28e:	10e7a023          	sw	a4,256(a5)
 292:	02c10113          	addi	sp,sp,44
 296:	bd11                	j	aa <__riscv_restore_0>

00000298 <main>:
 298:	e09ff2ef          	jal	t0,a0 <__riscv_save_0>
 29c:	1171                	addi	sp,sp,-4
 29e:	2b59                	jal	834 <Delay_Init>
 2a0:	00062537          	lui	a0,0x62
 2a4:	06800593          	li	a1,104
 2a8:	a8050513          	addi	a0,a0,-1408 # 61a80 <_data_lma+0x61210>
 2ac:	3571                	jal	138 <IIC_Init>
 2ae:	4601                	li	a2,0
 2b0:	08000593          	li	a1,128
 2b4:	40011537          	lui	a0,0x40011
 2b8:	2e49                	jal	64a <GPIO_WriteBit>
 2ba:	4605                	li	a2,1
 2bc:	02000593          	li	a1,32
 2c0:	40011537          	lui	a0,0x40011
 2c4:	2659                	jal	64a <GPIO_WriteBit>
 2c6:	4605                	li	a2,1
 2c8:	04000593          	li	a1,64
 2cc:	40011537          	lui	a0,0x40011
 2d0:	2ead                	jal	64a <GPIO_WriteBit>
 2d2:	40011537          	lui	a0,0x40011
 2d6:	4601                	li	a2,0
 2d8:	4585                	li	a1,1
 2da:	40050513          	addi	a0,a0,1024 # 40011400 <__global_pointer$+0x20010bd8>
 2de:	26b5                	jal	64a <GPIO_WriteBit>
 2e0:	4605                	li	a2,1
 2e2:	45a1                	li	a1,8
 2e4:	40011537          	lui	a0,0x40011
 2e8:	268d                	jal	64a <GPIO_WriteBit>
 2ea:	20000437          	lui	s0,0x20000
 2ee:	4585                	li	a1,1
 2f0:	40011537          	lui	a0,0x40011
 2f4:	26b1                	jal	640 <GPIO_ReadInputDataBit>
 2f6:	400114b7          	lui	s1,0x40011
 2fa:	c02a                	sw	a0,0(sp)
 2fc:	4589                	li	a1,2
 2fe:	80048513          	addi	a0,s1,-2048 # 40010800 <__global_pointer$+0x2000ffd8>
 302:	2e3d                	jal	640 <GPIO_ReadInputDataBit>
 304:	4782                	lw	a5,0(sp)
 306:	0506                	slli	a0,a0,0x1
 308:	02000593          	li	a1,32
 30c:	8d5d                	or	a0,a0,a5
 30e:	0ff57513          	andi	a0,a0,255
 312:	02840793          	addi	a5,s0,40 # 20000028 <_edata>
 316:	a388                	sb	a0,0(a5)
 318:	2390                	lbu	a2,0(a5)
 31a:	40011537          	lui	a0,0x40011
 31e:	8a09                	andi	a2,a2,2
 320:	262d                	jal	64a <GPIO_WriteBit>
 322:	45c1                	li	a1,16
 324:	40011537          	lui	a0,0x40011
 328:	2e21                	jal	640 <GPIO_ReadInputDataBit>
 32a:	cd09                	beqz	a0,344 <main+0xac>
 32c:	4605                	li	a2,1
 32e:	4585                	li	a1,1
 330:	40048513          	addi	a0,s1,1024
 334:	2e19                	jal	64a <GPIO_WriteBit>
 336:	4605                	li	a2,1
 338:	08000593          	li	a1,128
 33c:	40011537          	lui	a0,0x40011
 340:	2629                	jal	64a <GPIO_WriteBit>
 342:	b775                	j	2ee <main+0x56>
 344:	4601                	li	a2,0
 346:	4585                	li	a1,1
 348:	40048513          	addi	a0,s1,1024
 34c:	2cfd                	jal	64a <GPIO_WriteBit>
 34e:	4601                	li	a2,0
 350:	08000593          	li	a1,128
 354:	40011537          	lui	a0,0x40011
 358:	2ccd                	jal	64a <GPIO_WriteBit>
 35a:	4605                	li	a2,1
 35c:	04000593          	li	a1,64
 360:	bff1                	j	33c <main+0xa4>

00000362 <I2C1_EV_IRQHandler>:
 362:	fd410113          	addi	sp,sp,-44
 366:	c23a                	sw	a4,4(sp)
 368:	40005737          	lui	a4,0x40005
 36c:	cc22                	sw	s0,24(sp)
 36e:	c436                	sw	a3,8(sp)
 370:	41475403          	lhu	s0,1044(a4) # 40005414 <__global_pointer$+0x20004bec>
 374:	41875683          	lhu	a3,1048(a4)
 378:	40075683          	lhu	a3,1024(a4)
 37c:	0442                	slli	s0,s0,0x10
 37e:	c03e                	sw	a5,0(sp)
 380:	d406                	sw	ra,40(sp)
 382:	d216                	sw	t0,36(sp)
 384:	d01a                	sw	t1,32(sp)
 386:	ce1e                	sw	t2,28(sp)
 388:	ca2a                	sw	a0,20(sp)
 38a:	c82e                	sw	a1,16(sp)
 38c:	c632                	sw	a2,12(sp)
 38e:	8041                	srli	s0,s0,0x10
 390:	4006e693          	ori	a3,a3,1024
 394:	40070793          	addi	a5,a4,1024
 398:	40d71023          	sh	a3,1024(a4)
 39c:	04047713          	andi	a4,s0,64
 3a0:	cb11                	beqz	a4,3b4 <I2C1_EV_IRQHandler+0x52>
 3a2:	2b92                	lhu	a2,16(a5)
 3a4:	04000593          	li	a1,64
 3a8:	40011537          	lui	a0,0x40011
 3ac:	167d                	addi	a2,a2,-1
 3ae:	00c03633          	snez	a2,a2
 3b2:	2c61                	jal	64a <GPIO_WriteBit>
 3b4:	08047413          	andi	s0,s0,128
 3b8:	c809                	beqz	s0,3ca <I2C1_EV_IRQHandler+0x68>
 3ba:	200007b7          	lui	a5,0x20000
 3be:	0287c703          	lbu	a4,40(a5) # 20000028 <_edata>
 3c2:	400057b7          	lui	a5,0x40005
 3c6:	40e79823          	sh	a4,1040(a5) # 40005410 <__global_pointer$+0x20004be8>
 3ca:	4462                	lw	s0,24(sp)
 3cc:	50a2                	lw	ra,40(sp)
 3ce:	5292                	lw	t0,36(sp)
 3d0:	5302                	lw	t1,32(sp)
 3d2:	43f2                	lw	t2,28(sp)
 3d4:	4552                	lw	a0,20(sp)
 3d6:	45c2                	lw	a1,16(sp)
 3d8:	4632                	lw	a2,12(sp)
 3da:	46a2                	lw	a3,8(sp)
 3dc:	4712                	lw	a4,4(sp)
 3de:	4782                	lw	a5,0(sp)
 3e0:	02c10113          	addi	sp,sp,44
 3e4:	30200073          	mret

000003e8 <I2C1_ER_IRQHandler>:
 3e8:	1151                	addi	sp,sp,-12
 3ea:	c436                	sw	a3,8(sp)
 3ec:	400056b7          	lui	a3,0x40005
 3f0:	c03e                	sw	a5,0(sp)
 3f2:	4146d783          	lhu	a5,1044(a3) # 40005414 <__global_pointer$+0x20004bec>
 3f6:	c23a                	sw	a4,4(sp)
 3f8:	07c2                	slli	a5,a5,0x10
 3fa:	83c1                	srli	a5,a5,0x10
 3fc:	1007f713          	andi	a4,a5,256
 400:	cb19                	beqz	a4,416 <I2C1_ER_IRQHandler+0x2e>
 402:	40068693          	addi	a3,a3,1024
 406:	2ada                	lhu	a4,20(a3)
 408:	0742                	slli	a4,a4,0x10
 40a:	8341                	srli	a4,a4,0x10
 40c:	eff77713          	andi	a4,a4,-257
 410:	0742                	slli	a4,a4,0x10
 412:	8341                	srli	a4,a4,0x10
 414:	aada                	sh	a4,20(a3)
 416:	2007f713          	andi	a4,a5,512
 41a:	cf09                	beqz	a4,434 <I2C1_ER_IRQHandler+0x4c>
 41c:	400056b7          	lui	a3,0x40005
 420:	4146d703          	lhu	a4,1044(a3) # 40005414 <__global_pointer$+0x20004bec>
 424:	0742                	slli	a4,a4,0x10
 426:	8341                	srli	a4,a4,0x10
 428:	dff77713          	andi	a4,a4,-513
 42c:	0742                	slli	a4,a4,0x10
 42e:	8341                	srli	a4,a4,0x10
 430:	40e69a23          	sh	a4,1044(a3)
 434:	4007f793          	andi	a5,a5,1024
 438:	cf89                	beqz	a5,452 <I2C1_ER_IRQHandler+0x6a>
 43a:	40005737          	lui	a4,0x40005
 43e:	41475783          	lhu	a5,1044(a4) # 40005414 <__global_pointer$+0x20004bec>
 442:	07c2                	slli	a5,a5,0x10
 444:	83c1                	srli	a5,a5,0x10
 446:	bff7f793          	andi	a5,a5,-1025
 44a:	07c2                	slli	a5,a5,0x10
 44c:	83c1                	srli	a5,a5,0x10
 44e:	40f71a23          	sh	a5,1044(a4)
 452:	46a2                	lw	a3,8(sp)
 454:	4712                	lw	a4,4(sp)
 456:	4782                	lw	a5,0(sp)
 458:	0131                	addi	sp,sp,12
 45a:	30200073          	mret

0000045e <SystemInit>:
 45e:	400217b7          	lui	a5,0x40021
 462:	4398                	lw	a4,0(a5)
 464:	fcff06b7          	lui	a3,0xfcff0
 468:	00176713          	ori	a4,a4,1
 46c:	c398                	sw	a4,0(a5)
 46e:	43d8                	lw	a4,4(a5)
 470:	8f75                	and	a4,a4,a3
 472:	c3d8                	sw	a4,4(a5)
 474:	4398                	lw	a4,0(a5)
 476:	fef706b7          	lui	a3,0xfef70
 47a:	16fd                	addi	a3,a3,-1
 47c:	8f75                	and	a4,a4,a3
 47e:	c398                	sw	a4,0(a5)
 480:	4398                	lw	a4,0(a5)
 482:	fffc06b7          	lui	a3,0xfffc0
 486:	16fd                	addi	a3,a3,-1
 488:	8f75                	and	a4,a4,a3
 48a:	c398                	sw	a4,0(a5)
 48c:	43d8                	lw	a4,4(a5)
 48e:	76c1                	lui	a3,0xffff0
 490:	16fd                	addi	a3,a3,-1
 492:	8f75                	and	a4,a4,a3
 494:	c3d8                	sw	a4,4(a5)
 496:	009f0737          	lui	a4,0x9f0
 49a:	c798                	sw	a4,8(a5)
 49c:	40022737          	lui	a4,0x40022
 4a0:	4314                	lw	a3,0(a4)
 4a2:	9af1                	andi	a3,a3,-4
 4a4:	c314                	sw	a3,0(a4)
 4a6:	4314                	lw	a3,0(a4)
 4a8:	c314                	sw	a3,0(a4)
 4aa:	43d8                	lw	a4,4(a5)
 4ac:	c3d8                	sw	a4,4(a5)
 4ae:	8082                	ret
 4b0:	a001                	j	4b0 <SystemInit+0x52>
 4b2:	a001                	j	4b2 <SystemInit+0x54>

000004b4 <SysTick_Handler>:
 4b4:	a001                	j	4b4 <SysTick_Handler>

000004b6 <SW_Handler>:
 4b6:	a001                	j	4b6 <SW_Handler>

000004b8 <WWDG_IRQHandler>:
 4b8:	a001                	j	4b8 <WWDG_IRQHandler>

000004ba <PVD_IRQHandler>:
 4ba:	a001                	j	4ba <PVD_IRQHandler>

000004bc <FLASH_IRQHandler>:
 4bc:	a001                	j	4bc <FLASH_IRQHandler>

000004be <RCC_IRQHandler>:
 4be:	a001                	j	4be <RCC_IRQHandler>

000004c0 <EXTI7_0_IRQHandler>:
 4c0:	a001                	j	4c0 <EXTI7_0_IRQHandler>

000004c2 <AWU_IRQHandler>:
 4c2:	a001                	j	4c2 <AWU_IRQHandler>

000004c4 <DMA1_Channel1_IRQHandler>:
 4c4:	a001                	j	4c4 <DMA1_Channel1_IRQHandler>

000004c6 <DMA1_Channel2_IRQHandler>:
 4c6:	a001                	j	4c6 <DMA1_Channel2_IRQHandler>

000004c8 <DMA1_Channel3_IRQHandler>:
 4c8:	a001                	j	4c8 <DMA1_Channel3_IRQHandler>

000004ca <DMA1_Channel4_IRQHandler>:
 4ca:	a001                	j	4ca <DMA1_Channel4_IRQHandler>

000004cc <DMA1_Channel5_IRQHandler>:
 4cc:	a001                	j	4cc <DMA1_Channel5_IRQHandler>

000004ce <DMA1_Channel6_IRQHandler>:
 4ce:	a001                	j	4ce <DMA1_Channel6_IRQHandler>

000004d0 <DMA1_Channel7_IRQHandler>:
 4d0:	a001                	j	4d0 <DMA1_Channel7_IRQHandler>

000004d2 <ADC1_IRQHandler>:
 4d2:	a001                	j	4d2 <ADC1_IRQHandler>
 4d4:	a001                	j	4d4 <ADC1_IRQHandler+0x2>
 4d6:	a001                	j	4d6 <ADC1_IRQHandler+0x4>

000004d8 <USART1_IRQHandler>:
 4d8:	a001                	j	4d8 <USART1_IRQHandler>

000004da <SPI1_IRQHandler>:
 4da:	a001                	j	4da <SPI1_IRQHandler>

000004dc <TIM1_BRK_IRQHandler>:
 4dc:	a001                	j	4dc <TIM1_BRK_IRQHandler>

000004de <TIM1_UP_IRQHandler>:
 4de:	a001                	j	4de <TIM1_UP_IRQHandler>

000004e0 <TIM1_TRG_COM_IRQHandler>:
 4e0:	a001                	j	4e0 <TIM1_TRG_COM_IRQHandler>

000004e2 <TIM1_CC_IRQHandler>:
 4e2:	a001                	j	4e2 <TIM1_CC_IRQHandler>

000004e4 <TIM2_IRQHandler>:
 4e4:	a001                	j	4e4 <TIM2_IRQHandler>

000004e6 <handle_reset>:
 4e6:	20000197          	auipc	gp,0x20000
 4ea:	34218193          	addi	gp,gp,834 # 20000828 <__global_pointer$>
 4ee:	fd818113          	addi	sp,gp,-40 # 20000800 <_eusrstack>
 4f2:	00000517          	auipc	a0,0x0
 4f6:	37e50513          	addi	a0,a0,894 # 870 <_data_lma>
 4fa:	20000597          	auipc	a1,0x20000
 4fe:	b0658593          	addi	a1,a1,-1274 # 20000000 <_data_vma>
 502:	20000617          	auipc	a2,0x20000
 506:	b2660613          	addi	a2,a2,-1242 # 20000028 <_edata>
 50a:	00c5fa63          	bgeu	a1,a2,51e <handle_reset+0x38>
 50e:	00052283          	lw	t0,0(a0)
 512:	0055a023          	sw	t0,0(a1)
 516:	0511                	addi	a0,a0,4
 518:	0591                	addi	a1,a1,4
 51a:	fec5eae3          	bltu	a1,a2,50e <handle_reset+0x28>
 51e:	20000517          	auipc	a0,0x20000
 522:	b0a50513          	addi	a0,a0,-1270 # 20000028 <_edata>
 526:	80818593          	addi	a1,gp,-2040 # 20000030 <_ebss>
 52a:	00b57763          	bgeu	a0,a1,538 <handle_reset+0x52>
 52e:	00052023          	sw	zero,0(a0)
 532:	0511                	addi	a0,a0,4
 534:	feb56de3          	bltu	a0,a1,52e <handle_reset+0x48>
 538:	08000293          	li	t0,128
 53c:	30029073          	csrw	mstatus,t0
 540:	428d                	li	t0,3
 542:	80429073          	csrw	0x804,t0
 546:	00000297          	auipc	t0,0x0
 54a:	aba28293          	addi	t0,t0,-1350 # 0 <_sinit>
 54e:	0032e293          	ori	t0,t0,3
 552:	30529073          	csrw	mtvec,t0
 556:	f09ff0ef          	jal	ra,45e <SystemInit>
 55a:	00000297          	auipc	t0,0x0
 55e:	d3e28293          	addi	t0,t0,-706 # 298 <main>
 562:	34129073          	csrw	mepc,t0
 566:	30200073          	mret

0000056a <GPIO_Init>:
 56a:	459c                	lw	a5,8(a1)
 56c:	1161                	addi	sp,sp,-8
 56e:	c222                	sw	s0,4(sp)
 570:	c026                	sw	s1,0(sp)
 572:	0107f713          	andi	a4,a5,16
 576:	00f7f313          	andi	t1,a5,15
 57a:	c701                	beqz	a4,582 <GPIO_Init+0x18>
 57c:	41d8                	lw	a4,4(a1)
 57e:	00e36333          	or	t1,t1,a4
 582:	2192                	lhu	a2,0(a1)
 584:	0ff67713          	andi	a4,a2,255
 588:	c729                	beqz	a4,5d2 <GPIO_Init+0x68>
 58a:	00052383          	lw	t2,0(a0)
 58e:	4701                	li	a4,0
 590:	02800413          	li	s0,40
 594:	04800493          	li	s1,72
 598:	4685                	li	a3,1
 59a:	00e695b3          	sll	a1,a3,a4
 59e:	00b676b3          	and	a3,a2,a1
 5a2:	02d59263          	bne	a1,a3,5c6 <GPIO_Init+0x5c>
 5a6:	00271293          	slli	t0,a4,0x2
 5aa:	46bd                	li	a3,15
 5ac:	005696b3          	sll	a3,a3,t0
 5b0:	fff6c693          	not	a3,a3
 5b4:	0076f3b3          	and	t2,a3,t2
 5b8:	005312b3          	sll	t0,t1,t0
 5bc:	0072e3b3          	or	t2,t0,t2
 5c0:	06879763          	bne	a5,s0,62e <GPIO_Init+0xc4>
 5c4:	c94c                	sw	a1,20(a0)
 5c6:	0705                	addi	a4,a4,1
 5c8:	46a1                	li	a3,8
 5ca:	fcd717e3          	bne	a4,a3,598 <GPIO_Init+0x2e>
 5ce:	00752023          	sw	t2,0(a0)
 5d2:	0ff00713          	li	a4,255
 5d6:	04c77863          	bgeu	a4,a2,626 <GPIO_Init+0xbc>
 5da:	00452383          	lw	t2,4(a0)
 5de:	46a1                	li	a3,8
 5e0:	02800413          	li	s0,40
 5e4:	04800493          	li	s1,72
 5e8:	4705                	li	a4,1
 5ea:	00d712b3          	sll	t0,a4,a3
 5ee:	00567733          	and	a4,a2,t0
 5f2:	02e29463          	bne	t0,a4,61a <GPIO_Init+0xb0>
 5f6:	00269713          	slli	a4,a3,0x2
 5fa:	1701                	addi	a4,a4,-32
 5fc:	45bd                	li	a1,15
 5fe:	00e595b3          	sll	a1,a1,a4
 602:	fff5c593          	not	a1,a1
 606:	0075f3b3          	and	t2,a1,t2
 60a:	00e31733          	sll	a4,t1,a4
 60e:	007763b3          	or	t2,a4,t2
 612:	02879263          	bne	a5,s0,636 <GPIO_Init+0xcc>
 616:	00552a23          	sw	t0,20(a0)
 61a:	0685                	addi	a3,a3,1
 61c:	4741                	li	a4,16
 61e:	fce695e3          	bne	a3,a4,5e8 <GPIO_Init+0x7e>
 622:	00752223          	sw	t2,4(a0)
 626:	4412                	lw	s0,4(sp)
 628:	4482                	lw	s1,0(sp)
 62a:	0121                	addi	sp,sp,8
 62c:	8082                	ret
 62e:	f8979ce3          	bne	a5,s1,5c6 <GPIO_Init+0x5c>
 632:	c90c                	sw	a1,16(a0)
 634:	bf49                	j	5c6 <GPIO_Init+0x5c>
 636:	fe9792e3          	bne	a5,s1,61a <GPIO_Init+0xb0>
 63a:	00552823          	sw	t0,16(a0)
 63e:	bff1                	j	61a <GPIO_Init+0xb0>

00000640 <GPIO_ReadInputDataBit>:
 640:	4508                	lw	a0,8(a0)
 642:	8d6d                	and	a0,a0,a1
 644:	00a03533          	snez	a0,a0
 648:	8082                	ret

0000064a <GPIO_WriteBit>:
 64a:	c219                	beqz	a2,650 <GPIO_WriteBit+0x6>
 64c:	c90c                	sw	a1,16(a0)
 64e:	8082                	ret
 650:	c94c                	sw	a1,20(a0)
 652:	8082                	ret

00000654 <I2C_Init>:
 654:	a4dff2ef          	jal	t0,a0 <__riscv_save_0>
 658:	1111                	addi	sp,sp,-28
 65a:	2146                	lhu	s1,4(a0)
 65c:	842a                	mv	s0,a0
 65e:	0028                	addi	a0,sp,8
 660:	c02e                	sw	a1,0(sp)
 662:	28f5                	jal	75e <RCC_GetClocksFreq>
 664:	46c2                	lw	a3,16(sp)
 666:	04c2                	slli	s1,s1,0x10
 668:	80c1                	srli	s1,s1,0x10
 66a:	fc04f493          	andi	s1,s1,-64
 66e:	000f45b7          	lui	a1,0xf4
 672:	24058593          	addi	a1,a1,576 # f4240 <_data_lma+0xf39d0>
 676:	8536                	mv	a0,a3
 678:	04c2                	slli	s1,s1,0x10
 67a:	c236                	sw	a3,4(sp)
 67c:	80c1                	srli	s1,s1,0x10
 67e:	3c3d                	jal	bc <__udivsi3>
 680:	8d45                	or	a0,a0,s1
 682:	0542                	slli	a0,a0,0x10
 684:	8141                	srli	a0,a0,0x10
 686:	a04a                	sh	a0,4(s0)
 688:	201e                	lhu	a5,0(s0)
 68a:	4692                	lw	a3,4(sp)
 68c:	07c2                	slli	a5,a5,0x10
 68e:	83c1                	srli	a5,a5,0x10
 690:	9bf9                	andi	a5,a5,-2
 692:	07c2                	slli	a5,a5,0x10
 694:	83c1                	srli	a5,a5,0x10
 696:	a01e                	sh	a5,0(s0)
 698:	4782                	lw	a5,0(sp)
 69a:	4390                	lw	a2,0(a5)
 69c:	67e1                	lui	a5,0x18
 69e:	6a078793          	addi	a5,a5,1696 # 186a0 <_data_lma+0x17e30>
 6a2:	00161593          	slli	a1,a2,0x1
 6a6:	04c7e463          	bltu	a5,a2,6ee <I2C_Init+0x9a>
 6aa:	8536                	mv	a0,a3
 6ac:	3c01                	jal	bc <__udivsi3>
 6ae:	87aa                	mv	a5,a0
 6b0:	0542                	slli	a0,a0,0x10
 6b2:	8141                	srli	a0,a0,0x10
 6b4:	4691                	li	a3,4
 6b6:	00d57363          	bgeu	a0,a3,6bc <I2C_Init+0x68>
 6ba:	4791                	li	a5,4
 6bc:	01079513          	slli	a0,a5,0x10
 6c0:	8141                	srli	a0,a0,0x10
 6c2:	ac4a                	sh	a0,28(s0)
 6c4:	201e                	lhu	a5,0(s0)
 6c6:	4702                	lw	a4,0(sp)
 6c8:	0017e793          	ori	a5,a5,1
 6cc:	a01e                	sh	a5,0(s0)
 6ce:	201e                	lhu	a5,0(s0)
 6d0:	2356                	lhu	a3,4(a4)
 6d2:	2732                	lhu	a2,10(a4)
 6d4:	07c2                	slli	a5,a5,0x10
 6d6:	83c1                	srli	a5,a5,0x10
 6d8:	8ed1                	or	a3,a3,a2
 6da:	bf57f793          	andi	a5,a5,-1035
 6de:	8fd5                	or	a5,a5,a3
 6e0:	a01e                	sh	a5,0(s0)
 6e2:	2716                	lhu	a3,8(a4)
 6e4:	275e                	lhu	a5,12(a4)
 6e6:	8fd5                	or	a5,a5,a3
 6e8:	a41e                	sh	a5,8(s0)
 6ea:	0171                	addi	sp,sp,28
 6ec:	ba7d                	j	aa <__riscv_restore_0>
 6ee:	4782                	lw	a5,0(sp)
 6f0:	23ea                	lhu	a0,6(a5)
 6f2:	67b1                	lui	a5,0xc
 6f4:	17fd                	addi	a5,a5,-1
 6f6:	00f51f63          	bne	a0,a5,714 <I2C_Init+0xc0>
 6fa:	95b2                	add	a1,a1,a2
 6fc:	8536                	mv	a0,a3
 6fe:	3a7d                	jal	bc <__udivsi3>
 700:	0542                	slli	a0,a0,0x10
 702:	8141                	srli	a0,a0,0x10
 704:	01451793          	slli	a5,a0,0x14
 708:	e399                	bnez	a5,70e <I2C_Init+0xba>
 70a:	00156513          	ori	a0,a0,1
 70e:	67a1                	lui	a5,0x8
 710:	8d5d                	or	a0,a0,a5
 712:	bf45                	j	6c2 <I2C_Init+0x6e>
 714:	00c587b3          	add	a5,a1,a2
 718:	078e                	slli	a5,a5,0x3
 71a:	00c785b3          	add	a1,a5,a2
 71e:	8536                	mv	a0,a3
 720:	3a71                	jal	bc <__udivsi3>
 722:	0542                	slli	a0,a0,0x10
 724:	8141                	srli	a0,a0,0x10
 726:	6791                	lui	a5,0x4
 728:	8d5d                	or	a0,a0,a5
 72a:	bfe9                	j	704 <I2C_Init+0xb0>

0000072c <I2C_Cmd>:
 72c:	211e                	lhu	a5,0(a0)
 72e:	c589                	beqz	a1,738 <I2C_Cmd+0xc>
 730:	0017e793          	ori	a5,a5,1
 734:	a11e                	sh	a5,0(a0)
 736:	8082                	ret
 738:	07c2                	slli	a5,a5,0x10
 73a:	83c1                	srli	a5,a5,0x10
 73c:	9bf9                	andi	a5,a5,-2
 73e:	07c2                	slli	a5,a5,0x10
 740:	83c1                	srli	a5,a5,0x10
 742:	bfcd                	j	734 <I2C_Cmd+0x8>

00000744 <I2C_StretchClockCmd>:
 744:	211e                	lhu	a5,0(a0)
 746:	e589                	bnez	a1,750 <I2C_StretchClockCmd+0xc>
 748:	0807e793          	ori	a5,a5,128
 74c:	a11e                	sh	a5,0(a0)
 74e:	8082                	ret
 750:	07c2                	slli	a5,a5,0x10
 752:	83c1                	srli	a5,a5,0x10
 754:	f7f7f793          	andi	a5,a5,-129
 758:	07c2                	slli	a5,a5,0x10
 75a:	83c1                	srli	a5,a5,0x10
 75c:	bfc5                	j	74c <I2C_StretchClockCmd+0x8>

0000075e <RCC_GetClocksFreq>:
 75e:	943ff2ef          	jal	t0,a0 <__riscv_save_0>
 762:	40021737          	lui	a4,0x40021
 766:	435c                	lw	a5,4(a4)
 768:	4691                	li	a3,4
 76a:	842a                	mv	s0,a0
 76c:	8bb1                	andi	a5,a5,12
 76e:	00d78563          	beq	a5,a3,778 <RCC_GetClocksFreq+0x1a>
 772:	46a1                	li	a3,8
 774:	06d78c63          	beq	a5,a3,7ec <RCC_GetClocksFreq+0x8e>
 778:	016e37b7          	lui	a5,0x16e3
 77c:	60078793          	addi	a5,a5,1536 # 16e3600 <_data_lma+0x16e2d90>
 780:	c01c                	sw	a5,0(s0)
 782:	400216b7          	lui	a3,0x40021
 786:	42dc                	lw	a5,4(a3)
 788:	8391                	srli	a5,a5,0x4
 78a:	00f7f713          	andi	a4,a5,15
 78e:	200007b7          	lui	a5,0x20000
 792:	01878793          	addi	a5,a5,24 # 20000018 <APBAHBPrescTable>
 796:	97ba                	add	a5,a5,a4
 798:	238c                	lbu	a1,0(a5)
 79a:	42dc                	lw	a5,4(a3)
 79c:	4018                	lw	a4,0(s0)
 79e:	0ff5f593          	andi	a1,a1,255
 7a2:	0807f793          	andi	a5,a5,128
 7a6:	00b75533          	srl	a0,a4,a1
 7aa:	e399                	bnez	a5,7b0 <RCC_GetClocksFreq+0x52>
 7ac:	853a                	mv	a0,a4
 7ae:	3239                	jal	bc <__udivsi3>
 7b0:	c048                	sw	a0,4(s0)
 7b2:	c408                	sw	a0,8(s0)
 7b4:	c448                	sw	a0,12(s0)
 7b6:	400217b7          	lui	a5,0x40021
 7ba:	43dc                	lw	a5,4(a5)
 7bc:	83ad                	srli	a5,a5,0xb
 7be:	8bfd                	andi	a5,a5,31
 7c0:	0037d713          	srli	a4,a5,0x3
 7c4:	078a                	slli	a5,a5,0x2
 7c6:	8bf1                	andi	a5,a5,28
 7c8:	8fd9                	or	a5,a5,a4
 7ca:	0137f693          	andi	a3,a5,19
 7ce:	470d                	li	a4,3
 7d0:	00d77363          	bgeu	a4,a3,7d6 <RCC_GetClocksFreq+0x78>
 7d4:	17d1                	addi	a5,a5,-12
 7d6:	20000737          	lui	a4,0x20000
 7da:	00470713          	addi	a4,a4,4 # 20000004 <ADCPrescTable>
 7de:	97ba                	add	a5,a5,a4
 7e0:	238c                	lbu	a1,0(a5)
 7e2:	8dbff0ef          	jal	ra,bc <__udivsi3>
 7e6:	c808                	sw	a0,16(s0)
 7e8:	8c3ff06f          	j	aa <__riscv_restore_0>
 7ec:	435c                	lw	a5,4(a4)
 7ee:	02dc77b7          	lui	a5,0x2dc7
 7f2:	c0078793          	addi	a5,a5,-1024 # 2dc6c00 <_data_lma+0x2dc6390>
 7f6:	b769                	j	780 <RCC_GetClocksFreq+0x22>

000007f8 <RCC_APB2PeriphClockCmd>:
 7f8:	c599                	beqz	a1,806 <RCC_APB2PeriphClockCmd+0xe>
 7fa:	40021737          	lui	a4,0x40021
 7fe:	4f1c                	lw	a5,24(a4)
 800:	8d5d                	or	a0,a0,a5
 802:	cf08                	sw	a0,24(a4)
 804:	8082                	ret
 806:	400217b7          	lui	a5,0x40021
 80a:	4f98                	lw	a4,24(a5)
 80c:	fff54513          	not	a0,a0
 810:	8d79                	and	a0,a0,a4
 812:	cf88                	sw	a0,24(a5)
 814:	8082                	ret

00000816 <RCC_APB1PeriphClockCmd>:
 816:	c599                	beqz	a1,824 <RCC_APB1PeriphClockCmd+0xe>
 818:	40021737          	lui	a4,0x40021
 81c:	4f5c                	lw	a5,28(a4)
 81e:	8d5d                	or	a0,a0,a5
 820:	cf48                	sw	a0,28(a4)
 822:	8082                	ret
 824:	400217b7          	lui	a5,0x40021
 828:	4fd8                	lw	a4,28(a5)
 82a:	fff54513          	not	a0,a0
 82e:	8d79                	and	a0,a0,a4
 830:	cfc8                	sw	a0,28(a5)
 832:	8082                	ret

00000834 <Delay_Init>:
 834:	86dff2ef          	jal	t0,a0 <__riscv_save_0>
 838:	200007b7          	lui	a5,0x20000
 83c:	0007a503          	lw	a0,0(a5) # 20000000 <_data_vma>
 840:	007a15b7          	lui	a1,0x7a1
 844:	20058593          	addi	a1,a1,512 # 7a1200 <_data_lma+0x7a0990>
 848:	875ff0ef          	jal	ra,bc <__udivsi3>
 84c:	0ff57513          	andi	a0,a0,255
 850:	200007b7          	lui	a5,0x20000
 854:	02a78623          	sb	a0,44(a5) # 2000002c <p_us>
 858:	00551793          	slli	a5,a0,0x5
 85c:	8f89                	sub	a5,a5,a0
 85e:	078a                	slli	a5,a5,0x2
 860:	953e                	add	a0,a0,a5
 862:	050e                	slli	a0,a0,0x3
 864:	200007b7          	lui	a5,0x20000
 868:	02a79523          	sh	a0,42(a5) # 2000002a <p_ms>
 86c:	83fff06f          	j	aa <__riscv_restore_0>
